<?xml version="1.0" encoding="UTF-8"?>
<!-- Generated by org.testng.reporters.JUnitReportReporter -->
<testsuite hostname="LP-5CG0386Q1Y" failures="0" tests="1" name="com.LMS.Test.verifyLMS_complete" time="351.275" errors="0" timestamp="2 Apr 2022 10:24:34 GMT">
  <testcase classname="com.LMS.Test.verifyLMS_complete" name="verifyLMS_complete" time="351.275"/>
</testsuite> <!-- com.LMS.Test.verifyLMS_complete -->
